[2023-06-09T16:22:11.631+0000] {taskinstance.py:1103} INFO - Dependencies all met for dep_context=non-requeueable deps ti=<TaskInstance: first_dag.first_task scheduled__2023-06-03T00:00:00+00:00 [queued]>
[2023-06-09T16:22:11.654+0000] {taskinstance.py:1103} INFO - Dependencies all met for dep_context=requeueable deps ti=<TaskInstance: first_dag.first_task scheduled__2023-06-03T00:00:00+00:00 [queued]>
[2023-06-09T16:22:11.655+0000] {taskinstance.py:1308} INFO - Starting attempt 1 of 6
[2023-06-09T16:22:11.685+0000] {taskinstance.py:1327} INFO - Executing <Task(BashOperator): first_task> on 2023-06-03 00:00:00+00:00
[2023-06-09T16:22:11.696+0000] {standard_task_runner.py:57} INFO - Started process 2558 to run task
[2023-06-09T16:22:11.701+0000] {standard_task_runner.py:84} INFO - Running: ['***', 'tasks', 'run', 'first_dag', 'first_task', 'scheduled__2023-06-03T00:00:00+00:00', '--job-id', '185', '--raw', '--subdir', 'DAGS_FOLDER/first_dag.py', '--cfg-path', '/tmp/tmp63015su5']
[2023-06-09T16:22:11.705+0000] {standard_task_runner.py:85} INFO - Job 185: Subtask first_task
[2023-06-09T16:22:11.801+0000] {task_command.py:410} INFO - Running <TaskInstance: first_dag.first_task scheduled__2023-06-03T00:00:00+00:00 [running]> on host 93a4f35889be
[2023-06-09T16:22:11.975+0000] {taskinstance.py:1547} INFO - Exporting env vars: AIRFLOW_CTX_DAG_OWNER='madhu' AIRFLOW_CTX_DAG_ID='first_dag' AIRFLOW_CTX_TASK_ID='first_task' AIRFLOW_CTX_EXECUTION_DATE='2023-06-03T00:00:00+00:00' AIRFLOW_CTX_TRY_NUMBER='1' AIRFLOW_CTX_DAG_RUN_ID='scheduled__2023-06-03T00:00:00+00:00'
[2023-06-09T16:22:11.976+0000] {subprocess.py:63} INFO - Tmp dir root location: 
 /tmp
[2023-06-09T16:22:11.977+0000] {subprocess.py:75} INFO - Running command: ['/bin/bash', '-c', 'hello world i am madhu']
[2023-06-09T16:22:11.993+0000] {subprocess.py:86} INFO - Output:
[2023-06-09T16:22:11.996+0000] {subprocess.py:93} INFO - /bin/bash: line 1: hello: command not found
[2023-06-09T16:22:11.996+0000] {subprocess.py:97} INFO - Command exited with return code 127
[2023-06-09T16:22:12.016+0000] {taskinstance.py:1824} ERROR - Task failed with exception
Traceback (most recent call last):
  File "/home/airflow/.local/lib/python3.7/site-packages/airflow/operators/bash.py", line 211, in execute
    f"Bash command failed. The command returned a non-zero exit code {result.exit_code}."
airflow.exceptions.AirflowException: Bash command failed. The command returned a non-zero exit code 127.
[2023-06-09T16:22:12.025+0000] {taskinstance.py:1350} INFO - Marking task as UP_FOR_RETRY. dag_id=first_dag, task_id=first_task, execution_date=20230603T000000, start_date=20230609T162211, end_date=20230609T162212
[2023-06-09T16:22:12.054+0000] {standard_task_runner.py:109} ERROR - Failed to execute job 185 for task first_task (Bash command failed. The command returned a non-zero exit code 127.; 2558)
[2023-06-09T16:22:12.078+0000] {local_task_job_runner.py:225} INFO - Task exited with return code 1
[2023-06-09T16:22:12.114+0000] {taskinstance.py:2651} INFO - 0 downstream tasks scheduled from follow-on schedule check
