[2023-06-09T16:17:10.244+0000] {taskinstance.py:1103} INFO - Dependencies all met for dep_context=non-requeueable deps ti=<TaskInstance: first_dag.first_task scheduled__2023-05-28T00:00:00+00:00 [queued]>
[2023-06-09T16:17:10.297+0000] {taskinstance.py:1103} INFO - Dependencies all met for dep_context=requeueable deps ti=<TaskInstance: first_dag.first_task scheduled__2023-05-28T00:00:00+00:00 [queued]>
[2023-06-09T16:17:10.298+0000] {taskinstance.py:1308} INFO - Starting attempt 1 of 6
[2023-06-09T16:17:10.357+0000] {taskinstance.py:1327} INFO - Executing <Task(BashOperator): first_task> on 2023-05-28 00:00:00+00:00
[2023-06-09T16:17:10.378+0000] {standard_task_runner.py:57} INFO - Started process 2218 to run task
[2023-06-09T16:17:10.395+0000] {standard_task_runner.py:84} INFO - Running: ['***', 'tasks', 'run', 'first_dag', 'first_task', 'scheduled__2023-05-28T00:00:00+00:00', '--job-id', '111', '--raw', '--subdir', 'DAGS_FOLDER/first_dag.py', '--cfg-path', '/tmp/tmpvp5p7hli']
[2023-06-09T16:17:10.404+0000] {standard_task_runner.py:85} INFO - Job 111: Subtask first_task
[2023-06-09T16:17:10.628+0000] {task_command.py:410} INFO - Running <TaskInstance: first_dag.first_task scheduled__2023-05-28T00:00:00+00:00 [running]> on host 93a4f35889be
[2023-06-09T16:17:11.032+0000] {taskinstance.py:1547} INFO - Exporting env vars: AIRFLOW_CTX_DAG_OWNER='madhu' AIRFLOW_CTX_DAG_ID='first_dag' AIRFLOW_CTX_TASK_ID='first_task' AIRFLOW_CTX_EXECUTION_DATE='2023-05-28T00:00:00+00:00' AIRFLOW_CTX_TRY_NUMBER='1' AIRFLOW_CTX_DAG_RUN_ID='scheduled__2023-05-28T00:00:00+00:00'
[2023-06-09T16:17:11.034+0000] {subprocess.py:63} INFO - Tmp dir root location: 
 /tmp
[2023-06-09T16:17:11.035+0000] {subprocess.py:75} INFO - Running command: ['/bin/bash', '-c', 'hello world i am madhu']
[2023-06-09T16:17:11.057+0000] {subprocess.py:86} INFO - Output:
[2023-06-09T16:17:11.060+0000] {subprocess.py:93} INFO - /bin/bash: line 1: hello: command not found
[2023-06-09T16:17:11.060+0000] {subprocess.py:97} INFO - Command exited with return code 127
[2023-06-09T16:17:11.078+0000] {taskinstance.py:1824} ERROR - Task failed with exception
Traceback (most recent call last):
  File "/home/airflow/.local/lib/python3.7/site-packages/airflow/operators/bash.py", line 211, in execute
    f"Bash command failed. The command returned a non-zero exit code {result.exit_code}."
airflow.exceptions.AirflowException: Bash command failed. The command returned a non-zero exit code 127.
[2023-06-09T16:17:11.085+0000] {taskinstance.py:1350} INFO - Marking task as UP_FOR_RETRY. dag_id=first_dag, task_id=first_task, execution_date=20230528T000000, start_date=20230609T161710, end_date=20230609T161711
[2023-06-09T16:17:11.113+0000] {standard_task_runner.py:109} ERROR - Failed to execute job 111 for task first_task (Bash command failed. The command returned a non-zero exit code 127.; 2218)
[2023-06-09T16:17:11.151+0000] {local_task_job_runner.py:225} INFO - Task exited with return code 1
[2023-06-09T16:17:11.196+0000] {taskinstance.py:2651} INFO - 0 downstream tasks scheduled from follow-on schedule check
