[2023-06-10T11:03:22.020+0000] {taskinstance.py:1103} INFO - Dependencies all met for dep_context=non-requeueable deps ti=<TaskInstance: xcom_operator_with_function_v2.greet scheduled__2023-05-15T00:00:00+00:00 [queued]>
[2023-06-10T11:03:22.089+0000] {taskinstance.py:1103} INFO - Dependencies all met for dep_context=requeueable deps ti=<TaskInstance: xcom_operator_with_function_v2.greet scheduled__2023-05-15T00:00:00+00:00 [queued]>
[2023-06-10T11:03:22.090+0000] {taskinstance.py:1308} INFO - Starting attempt 1 of 6
[2023-06-10T11:03:22.172+0000] {taskinstance.py:1327} INFO - Executing <Task(PythonOperator): greet> on 2023-05-15 00:00:00+00:00
[2023-06-10T11:03:22.184+0000] {standard_task_runner.py:57} INFO - Started process 15926 to run task
[2023-06-10T11:03:22.200+0000] {standard_task_runner.py:84} INFO - Running: ['***', 'tasks', 'run', 'xcom_operator_with_function_v2', 'greet', 'scheduled__2023-05-15T00:00:00+00:00', '--job-id', '1001', '--raw', '--subdir', 'DAGS_FOLDER/xcom_operator.py', '--cfg-path', '/tmp/tmpqdi_n0y5']
[2023-06-10T11:03:22.203+0000] {standard_task_runner.py:85} INFO - Job 1001: Subtask greet
[2023-06-10T11:03:22.389+0000] {task_command.py:410} INFO - Running <TaskInstance: xcom_operator_with_function_v2.greet scheduled__2023-05-15T00:00:00+00:00 [running]> on host 93a4f35889be
[2023-06-10T11:03:22.619+0000] {taskinstance.py:1547} INFO - Exporting env vars: AIRFLOW_CTX_DAG_OWNER='madhu' AIRFLOW_CTX_DAG_ID='xcom_operator_with_function_v2' AIRFLOW_CTX_TASK_ID='greet' AIRFLOW_CTX_EXECUTION_DATE='2023-05-15T00:00:00+00:00' AIRFLOW_CTX_TRY_NUMBER='1' AIRFLOW_CTX_DAG_RUN_ID='scheduled__2023-05-15T00:00:00+00:00'
[2023-06-10T11:03:22.626+0000] {taskinstance.py:1824} ERROR - Task failed with exception
Traceback (most recent call last):
  File "/home/airflow/.local/lib/python3.7/site-packages/airflow/operators/python.py", line 181, in execute
    return_value = self.execute_callable()
  File "/home/airflow/.local/lib/python3.7/site-packages/airflow/operators/python.py", line 198, in execute_callable
    return self.python_callable(*self.op_args, **self.op_kwargs)
TypeError: greet() missing 1 required positional argument: 'age'
[2023-06-10T11:03:22.662+0000] {taskinstance.py:1350} INFO - Marking task as UP_FOR_RETRY. dag_id=xcom_operator_with_function_v2, task_id=greet, execution_date=20230515T000000, start_date=20230610T110322, end_date=20230610T110322
[2023-06-10T11:03:22.709+0000] {standard_task_runner.py:109} ERROR - Failed to execute job 1001 for task greet (greet() missing 1 required positional argument: 'age'; 15926)
[2023-06-10T11:03:22.741+0000] {local_task_job_runner.py:225} INFO - Task exited with return code 1
[2023-06-10T11:03:22.791+0000] {taskinstance.py:2651} INFO - 0 downstream tasks scheduled from follow-on schedule check
