[2023-06-09T16:13:44.473+0000] {taskinstance.py:1103} INFO - Dependencies all met for dep_context=non-requeueable deps ti=<TaskInstance: first_dag.first_task scheduled__2023-05-05T00:00:00+00:00 [queued]>
[2023-06-09T16:13:44.540+0000] {taskinstance.py:1103} INFO - Dependencies all met for dep_context=requeueable deps ti=<TaskInstance: first_dag.first_task scheduled__2023-05-05T00:00:00+00:00 [queued]>
[2023-06-09T16:13:44.541+0000] {taskinstance.py:1308} INFO - Starting attempt 3 of 6
[2023-06-09T16:13:44.810+0000] {taskinstance.py:1327} INFO - Executing <Task(BashOperator): first_task> on 2023-05-05 00:00:00+00:00
[2023-06-09T16:13:44.901+0000] {standard_task_runner.py:84} INFO - Running: ['***', 'tasks', 'run', 'first_dag', 'first_task', 'scheduled__2023-05-05T00:00:00+00:00', '--job-id', '47', '--raw', '--subdir', 'DAGS_FOLDER/first_dag.py', '--cfg-path', '/tmp/tmpnk_8o4vu']
[2023-06-09T16:13:44.907+0000] {standard_task_runner.py:85} INFO - Job 47: Subtask first_task
[2023-06-09T16:13:44.895+0000] {standard_task_runner.py:57} INFO - Started process 1953 to run task
[2023-06-09T16:13:45.393+0000] {task_command.py:410} INFO - Running <TaskInstance: first_dag.first_task scheduled__2023-05-05T00:00:00+00:00 [running]> on host 93a4f35889be
[2023-06-09T16:13:46.163+0000] {taskinstance.py:1547} INFO - Exporting env vars: AIRFLOW_CTX_DAG_OWNER='madhu' AIRFLOW_CTX_DAG_ID='first_dag' AIRFLOW_CTX_TASK_ID='first_task' AIRFLOW_CTX_EXECUTION_DATE='2023-05-05T00:00:00+00:00' AIRFLOW_CTX_TRY_NUMBER='3' AIRFLOW_CTX_DAG_RUN_ID='scheduled__2023-05-05T00:00:00+00:00'
[2023-06-09T16:13:46.165+0000] {subprocess.py:63} INFO - Tmp dir root location: 
 /tmp
[2023-06-09T16:13:46.166+0000] {subprocess.py:75} INFO - Running command: ['/bin/bash', '-c', 'hello world i am madhu']
[2023-06-09T16:13:46.308+0000] {subprocess.py:86} INFO - Output:
[2023-06-09T16:13:46.354+0000] {subprocess.py:93} INFO - /bin/bash: line 1: hello: command not found
[2023-06-09T16:13:46.355+0000] {subprocess.py:97} INFO - Command exited with return code 127
[2023-06-09T16:13:46.492+0000] {taskinstance.py:1824} ERROR - Task failed with exception
Traceback (most recent call last):
  File "/home/airflow/.local/lib/python3.7/site-packages/airflow/operators/bash.py", line 211, in execute
    f"Bash command failed. The command returned a non-zero exit code {result.exit_code}."
airflow.exceptions.AirflowException: Bash command failed. The command returned a non-zero exit code 127.
[2023-06-09T16:13:46.541+0000] {taskinstance.py:1350} INFO - Marking task as UP_FOR_RETRY. dag_id=first_dag, task_id=first_task, execution_date=20230505T000000, start_date=20230609T161344, end_date=20230609T161346
[2023-06-09T16:13:46.708+0000] {standard_task_runner.py:109} ERROR - Failed to execute job 47 for task first_task (Bash command failed. The command returned a non-zero exit code 127.; 1953)
[2023-06-09T16:13:46.822+0000] {local_task_job_runner.py:225} INFO - Task exited with return code 1
[2023-06-09T16:13:46.920+0000] {taskinstance.py:2651} INFO - 0 downstream tasks scheduled from follow-on schedule check
