[2023-06-10T14:01:28.874+0000] {processor.py:157} INFO - Started process (PID=28831) to work on /opt/airflow/dags/BashOperator.py
[2023-06-10T14:01:28.877+0000] {processor.py:826} INFO - Processing file /opt/airflow/dags/BashOperator.py for tasks to queue
[2023-06-10T14:01:28.878+0000] {logging_mixin.py:149} INFO - [2023-06-10T14:01:28.877+0000] {dagbag.py:541} INFO - Filling up the DagBag from /opt/airflow/dags/BashOperator.py
[2023-06-10T14:01:28.909+0000] {logging_mixin.py:149} INFO - [2023-06-10T14:01:28.884+0000] {dagbag.py:350} ERROR - Failed to import: /opt/airflow/dags/BashOperator.py
Traceback (most recent call last):
  File "/home/airflow/.local/lib/python3.7/site-packages/airflow/models/dagbag.py", line 346, in parse
    loader.exec_module(new_module)
  File "<frozen importlib._bootstrap_external>", line 728, in exec_module
  File "<frozen importlib._bootstrap>", line 219, in _call_with_frames_removed
  File "/opt/airflow/dags/BashOperator.py", line 9, in <module>
    'retry_delay':time
NameError: name 'time' is not defined
[2023-06-10T14:01:28.910+0000] {processor.py:838} WARNING - No viable dags retrieved from /opt/airflow/dags/BashOperator.py
[2023-06-10T14:01:28.960+0000] {processor.py:179} INFO - Processing /opt/airflow/dags/BashOperator.py took 0.090 seconds
[2023-06-10T14:01:31.914+0000] {processor.py:157} INFO - Started process (PID=28836) to work on /opt/airflow/dags/BashOperator.py
[2023-06-10T14:01:31.915+0000] {processor.py:826} INFO - Processing file /opt/airflow/dags/BashOperator.py for tasks to queue
[2023-06-10T14:01:31.916+0000] {logging_mixin.py:149} INFO - [2023-06-10T14:01:31.916+0000] {dagbag.py:541} INFO - Filling up the DagBag from /opt/airflow/dags/BashOperator.py
[2023-06-10T14:01:31.943+0000] {logging_mixin.py:149} INFO - [2023-06-10T14:01:31.934+0000] {dagbag.py:350} ERROR - Failed to import: /opt/airflow/dags/BashOperator.py
Traceback (most recent call last):
  File "/home/airflow/.local/lib/python3.7/site-packages/airflow/models/dagbag.py", line 346, in parse
    loader.exec_module(new_module)
  File "<frozen importlib._bootstrap_external>", line 728, in exec_module
  File "<frozen importlib._bootstrap>", line 219, in _call_with_frames_removed
  File "/opt/airflow/dags/BashOperator.py", line 16, in <module>
    bash_command='echo "Hello, Airflow!"'
  File "/home/airflow/.local/lib/python3.7/site-packages/airflow/models/baseoperator.py", line 429, in apply_defaults
    result = func(self, **kwargs, default_args=default_args)
  File "/home/airflow/.local/lib/python3.7/site-packages/airflow/operators/bash.py", line 150, in __init__
    super().__init__(**kwargs)
  File "/home/airflow/.local/lib/python3.7/site-packages/airflow/models/baseoperator.py", line 429, in apply_defaults
    result = func(self, **kwargs, default_args=default_args)
  File "/home/airflow/.local/lib/python3.7/site-packages/airflow/models/baseoperator.py", line 876, in __init__
    self.retry_delay = coerce_timedelta(retry_delay, key="retry_delay")
  File "/home/airflow/.local/lib/python3.7/site-packages/airflow/models/baseoperator.py", line 130, in coerce_timedelta
    return timedelta(seconds=value)
TypeError: unsupported type for timedelta seconds component: type
[2023-06-10T14:01:31.944+0000] {processor.py:838} WARNING - No viable dags retrieved from /opt/airflow/dags/BashOperator.py
[2023-06-10T14:01:31.980+0000] {processor.py:179} INFO - Processing /opt/airflow/dags/BashOperator.py took 0.070 seconds
[2023-06-10T14:01:34.747+0000] {processor.py:157} INFO - Started process (PID=28861) to work on /opt/airflow/dags/BashOperator.py
[2023-06-10T14:01:34.748+0000] {processor.py:826} INFO - Processing file /opt/airflow/dags/BashOperator.py for tasks to queue
[2023-06-10T14:01:34.749+0000] {logging_mixin.py:149} INFO - [2023-06-10T14:01:34.749+0000] {dagbag.py:541} INFO - Filling up the DagBag from /opt/airflow/dags/BashOperator.py
[2023-06-10T14:01:34.762+0000] {logging_mixin.py:149} INFO - [2023-06-10T14:01:34.754+0000] {dagbag.py:350} ERROR - Failed to import: /opt/airflow/dags/BashOperator.py
Traceback (most recent call last):
  File "/home/airflow/.local/lib/python3.7/site-packages/airflow/models/dagbag.py", line 346, in parse
    loader.exec_module(new_module)
  File "<frozen importlib._bootstrap_external>", line 728, in exec_module
  File "<frozen importlib._bootstrap>", line 219, in _call_with_frames_removed
  File "/opt/airflow/dags/BashOperator.py", line 9, in <module>
    'retry_delay':timedelta(min)
TypeError: unsupported type for timedelta days component: builtin_function_or_method
[2023-06-10T14:01:34.763+0000] {processor.py:838} WARNING - No viable dags retrieved from /opt/airflow/dags/BashOperator.py
[2023-06-10T14:01:34.807+0000] {processor.py:179} INFO - Processing /opt/airflow/dags/BashOperator.py took 0.067 seconds
[2023-06-10T14:01:36.996+0000] {processor.py:157} INFO - Started process (PID=28883) to work on /opt/airflow/dags/BashOperator.py
[2023-06-10T14:01:36.997+0000] {processor.py:826} INFO - Processing file /opt/airflow/dags/BashOperator.py for tasks to queue
[2023-06-10T14:01:36.999+0000] {logging_mixin.py:149} INFO - [2023-06-10T14:01:36.999+0000] {dagbag.py:541} INFO - Filling up the DagBag from /opt/airflow/dags/BashOperator.py
[2023-06-10T14:01:37.014+0000] {processor.py:836} INFO - DAG(s) dict_keys(['bash_operator_example']) retrieved from /opt/airflow/dags/BashOperator.py
[2023-06-10T14:01:37.424+0000] {logging_mixin.py:149} INFO - [2023-06-10T14:01:37.424+0000] {manager.py:504} INFO - Created Permission View: can edit on DAG:bash_operator_example
[2023-06-10T14:01:37.435+0000] {logging_mixin.py:149} INFO - [2023-06-10T14:01:37.435+0000] {manager.py:504} INFO - Created Permission View: can delete on DAG:bash_operator_example
[2023-06-10T14:01:37.443+0000] {logging_mixin.py:149} INFO - [2023-06-10T14:01:37.442+0000] {manager.py:504} INFO - Created Permission View: can read on DAG:bash_operator_example
[2023-06-10T14:01:37.443+0000] {logging_mixin.py:149} INFO - [2023-06-10T14:01:37.443+0000] {dag.py:2726} INFO - Sync 1 DAGs
[2023-06-10T14:01:37.459+0000] {logging_mixin.py:149} INFO - [2023-06-10T14:01:37.459+0000] {dag.py:2747} INFO - Creating ORM DAG for bash_operator_example
[2023-06-10T14:01:37.472+0000] {logging_mixin.py:149} INFO - [2023-06-10T14:01:37.472+0000] {dag.py:3490} INFO - Setting next_dagrun for bash_operator_example to 2023-01-01T00:00:00+00:00, run_after=2023-01-02T00:00:00+00:00
[2023-06-10T14:01:37.493+0000] {processor.py:179} INFO - Processing /opt/airflow/dags/BashOperator.py took 0.505 seconds
[2023-06-10T14:02:07.708+0000] {processor.py:157} INFO - Started process (PID=28925) to work on /opt/airflow/dags/BashOperator.py
[2023-06-10T14:02:07.709+0000] {processor.py:826} INFO - Processing file /opt/airflow/dags/BashOperator.py for tasks to queue
[2023-06-10T14:02:07.710+0000] {logging_mixin.py:149} INFO - [2023-06-10T14:02:07.710+0000] {dagbag.py:541} INFO - Filling up the DagBag from /opt/airflow/dags/BashOperator.py
[2023-06-10T14:02:07.722+0000] {processor.py:836} INFO - DAG(s) dict_keys(['bash_operator_example']) retrieved from /opt/airflow/dags/BashOperator.py
[2023-06-10T14:02:07.755+0000] {logging_mixin.py:149} INFO - [2023-06-10T14:02:07.755+0000] {dag.py:2726} INFO - Sync 1 DAGs
[2023-06-10T14:02:07.795+0000] {logging_mixin.py:149} INFO - [2023-06-10T14:02:07.795+0000] {dag.py:3490} INFO - Setting next_dagrun for bash_operator_example to 2023-01-01T00:00:00+00:00, run_after=2023-01-02T00:00:00+00:00
[2023-06-10T14:02:07.815+0000] {processor.py:179} INFO - Processing /opt/airflow/dags/BashOperator.py took 0.111 seconds
[2023-06-10T14:02:38.077+0000] {processor.py:157} INFO - Started process (PID=28966) to work on /opt/airflow/dags/BashOperator.py
[2023-06-10T14:02:38.079+0000] {processor.py:826} INFO - Processing file /opt/airflow/dags/BashOperator.py for tasks to queue
[2023-06-10T14:02:38.082+0000] {logging_mixin.py:149} INFO - [2023-06-10T14:02:38.081+0000] {dagbag.py:541} INFO - Filling up the DagBag from /opt/airflow/dags/BashOperator.py
[2023-06-10T14:02:38.100+0000] {processor.py:836} INFO - DAG(s) dict_keys(['bash_operator_example']) retrieved from /opt/airflow/dags/BashOperator.py
[2023-06-10T14:02:38.131+0000] {logging_mixin.py:149} INFO - [2023-06-10T14:02:38.131+0000] {dag.py:2726} INFO - Sync 1 DAGs
[2023-06-10T14:02:38.162+0000] {logging_mixin.py:149} INFO - [2023-06-10T14:02:38.162+0000] {dag.py:3490} INFO - Setting next_dagrun for bash_operator_example to 2023-01-01T00:00:00+00:00, run_after=2023-01-02T00:00:00+00:00
[2023-06-10T14:02:38.184+0000] {processor.py:179} INFO - Processing /opt/airflow/dags/BashOperator.py took 0.115 seconds
[2023-06-10T14:03:08.435+0000] {processor.py:157} INFO - Started process (PID=29008) to work on /opt/airflow/dags/BashOperator.py
[2023-06-10T14:03:08.436+0000] {processor.py:826} INFO - Processing file /opt/airflow/dags/BashOperator.py for tasks to queue
[2023-06-10T14:03:08.437+0000] {logging_mixin.py:149} INFO - [2023-06-10T14:03:08.437+0000] {dagbag.py:541} INFO - Filling up the DagBag from /opt/airflow/dags/BashOperator.py
[2023-06-10T14:03:08.455+0000] {processor.py:836} INFO - DAG(s) dict_keys(['bash_operator_example']) retrieved from /opt/airflow/dags/BashOperator.py
[2023-06-10T14:03:08.497+0000] {logging_mixin.py:149} INFO - [2023-06-10T14:03:08.496+0000] {dag.py:2726} INFO - Sync 1 DAGs
[2023-06-10T14:03:08.540+0000] {logging_mixin.py:149} INFO - [2023-06-10T14:03:08.540+0000] {dag.py:3490} INFO - Setting next_dagrun for bash_operator_example to 2023-01-01T00:00:00+00:00, run_after=2023-01-02T00:00:00+00:00
[2023-06-10T14:03:08.579+0000] {processor.py:179} INFO - Processing /opt/airflow/dags/BashOperator.py took 0.149 seconds
[2023-06-10T14:03:14.539+0000] {processor.py:157} INFO - Started process (PID=29013) to work on /opt/airflow/dags/BashOperator.py
[2023-06-10T14:03:14.540+0000] {processor.py:826} INFO - Processing file /opt/airflow/dags/BashOperator.py for tasks to queue
[2023-06-10T14:03:14.542+0000] {logging_mixin.py:149} INFO - [2023-06-10T14:03:14.542+0000] {dagbag.py:541} INFO - Filling up the DagBag from /opt/airflow/dags/BashOperator.py
[2023-06-10T14:03:14.568+0000] {processor.py:836} INFO - DAG(s) dict_keys(['bash_operator_example']) retrieved from /opt/airflow/dags/BashOperator.py
[2023-06-10T14:03:14.622+0000] {logging_mixin.py:149} INFO - [2023-06-10T14:03:14.622+0000] {dag.py:2726} INFO - Sync 1 DAGs
[2023-06-10T14:03:14.673+0000] {logging_mixin.py:149} INFO - [2023-06-10T14:03:14.673+0000] {dag.py:3490} INFO - Setting next_dagrun for bash_operator_example to 2023-01-01T00:00:00+00:00, run_after=2023-01-02T00:00:00+00:00
[2023-06-10T14:03:14.716+0000] {processor.py:179} INFO - Processing /opt/airflow/dags/BashOperator.py took 0.187 seconds
[2023-06-10T14:03:16.761+0000] {processor.py:157} INFO - Started process (PID=29018) to work on /opt/airflow/dags/BashOperator.py
[2023-06-10T14:03:16.763+0000] {processor.py:826} INFO - Processing file /opt/airflow/dags/BashOperator.py for tasks to queue
[2023-06-10T14:03:16.764+0000] {logging_mixin.py:149} INFO - [2023-06-10T14:03:16.764+0000] {dagbag.py:541} INFO - Filling up the DagBag from /opt/airflow/dags/BashOperator.py
[2023-06-10T14:03:16.778+0000] {processor.py:836} INFO - DAG(s) dict_keys(['bash_operator_example']) retrieved from /opt/airflow/dags/BashOperator.py
[2023-06-10T14:03:16.816+0000] {logging_mixin.py:149} INFO - [2023-06-10T14:03:16.816+0000] {dag.py:2726} INFO - Sync 1 DAGs
[2023-06-10T14:03:16.847+0000] {logging_mixin.py:149} INFO - [2023-06-10T14:03:16.847+0000] {dag.py:3490} INFO - Setting next_dagrun for bash_operator_example to 2023-01-01T00:00:00+00:00, run_after=2023-01-02T00:00:00+00:00
[2023-06-10T14:03:16.883+0000] {processor.py:179} INFO - Processing /opt/airflow/dags/BashOperator.py took 0.126 seconds
[2023-06-10T14:03:47.782+0000] {processor.py:157} INFO - Started process (PID=29059) to work on /opt/airflow/dags/BashOperator.py
[2023-06-10T14:03:47.785+0000] {processor.py:826} INFO - Processing file /opt/airflow/dags/BashOperator.py for tasks to queue
[2023-06-10T14:03:47.787+0000] {logging_mixin.py:149} INFO - [2023-06-10T14:03:47.786+0000] {dagbag.py:541} INFO - Filling up the DagBag from /opt/airflow/dags/BashOperator.py
[2023-06-10T14:03:47.804+0000] {processor.py:836} INFO - DAG(s) dict_keys(['bash_operator_example']) retrieved from /opt/airflow/dags/BashOperator.py
[2023-06-10T14:03:47.836+0000] {logging_mixin.py:149} INFO - [2023-06-10T14:03:47.835+0000] {dag.py:2726} INFO - Sync 1 DAGs
[2023-06-10T14:03:47.869+0000] {logging_mixin.py:149} INFO - [2023-06-10T14:03:47.869+0000] {dag.py:3490} INFO - Setting next_dagrun for bash_operator_example to 2023-01-01T00:00:00+00:00, run_after=2023-01-02T00:00:00+00:00
[2023-06-10T14:03:47.893+0000] {processor.py:179} INFO - Processing /opt/airflow/dags/BashOperator.py took 0.120 seconds
[2023-06-10T14:04:06.108+0000] {processor.py:157} INFO - Started process (PID=29064) to work on /opt/airflow/dags/BashOperator.py
[2023-06-10T14:04:06.110+0000] {processor.py:826} INFO - Processing file /opt/airflow/dags/BashOperator.py for tasks to queue
[2023-06-10T14:04:06.112+0000] {logging_mixin.py:149} INFO - [2023-06-10T14:04:06.111+0000] {dagbag.py:541} INFO - Filling up the DagBag from /opt/airflow/dags/BashOperator.py
[2023-06-10T14:04:06.132+0000] {processor.py:836} INFO - DAG(s) dict_keys(['bash_operator_example']) retrieved from /opt/airflow/dags/BashOperator.py
[2023-06-10T14:04:06.209+0000] {logging_mixin.py:149} INFO - [2023-06-10T14:04:06.209+0000] {dag.py:2726} INFO - Sync 1 DAGs
[2023-06-10T14:04:06.243+0000] {logging_mixin.py:149} INFO - [2023-06-10T14:04:06.243+0000] {dag.py:3490} INFO - Setting next_dagrun for bash_operator_example to 2023-01-01T00:00:00+00:00, run_after=2023-01-02T00:00:00+00:00
[2023-06-10T14:04:06.267+0000] {processor.py:179} INFO - Processing /opt/airflow/dags/BashOperator.py took 0.171 seconds
[2023-06-10T14:04:37.202+0000] {processor.py:157} INFO - Started process (PID=29113) to work on /opt/airflow/dags/BashOperator.py
[2023-06-10T14:04:37.204+0000] {processor.py:826} INFO - Processing file /opt/airflow/dags/BashOperator.py for tasks to queue
[2023-06-10T14:04:37.206+0000] {logging_mixin.py:149} INFO - [2023-06-10T14:04:37.206+0000] {dagbag.py:541} INFO - Filling up the DagBag from /opt/airflow/dags/BashOperator.py
[2023-06-10T14:04:37.225+0000] {processor.py:836} INFO - DAG(s) dict_keys(['bash_operator_example']) retrieved from /opt/airflow/dags/BashOperator.py
[2023-06-10T14:04:37.307+0000] {logging_mixin.py:149} INFO - [2023-06-10T14:04:37.307+0000] {dag.py:2726} INFO - Sync 1 DAGs
[2023-06-10T14:04:37.369+0000] {logging_mixin.py:149} INFO - [2023-06-10T14:04:37.369+0000] {dag.py:3490} INFO - Setting next_dagrun for bash_operator_example to 2023-01-01T00:00:00+00:00, run_after=2023-01-02T00:00:00+00:00
[2023-06-10T14:04:37.402+0000] {processor.py:179} INFO - Processing /opt/airflow/dags/BashOperator.py took 0.209 seconds
[2023-06-10T14:05:07.581+0000] {processor.py:157} INFO - Started process (PID=29155) to work on /opt/airflow/dags/BashOperator.py
[2023-06-10T14:05:07.583+0000] {processor.py:826} INFO - Processing file /opt/airflow/dags/BashOperator.py for tasks to queue
[2023-06-10T14:05:07.584+0000] {logging_mixin.py:149} INFO - [2023-06-10T14:05:07.584+0000] {dagbag.py:541} INFO - Filling up the DagBag from /opt/airflow/dags/BashOperator.py
[2023-06-10T14:05:07.602+0000] {processor.py:836} INFO - DAG(s) dict_keys(['bash_operator_example']) retrieved from /opt/airflow/dags/BashOperator.py
[2023-06-10T14:05:07.641+0000] {logging_mixin.py:149} INFO - [2023-06-10T14:05:07.641+0000] {dag.py:2726} INFO - Sync 1 DAGs
[2023-06-10T14:05:07.676+0000] {logging_mixin.py:149} INFO - [2023-06-10T14:05:07.675+0000] {dag.py:3490} INFO - Setting next_dagrun for bash_operator_example to 2023-01-01T00:00:00+00:00, run_after=2023-01-02T00:00:00+00:00
[2023-06-10T14:05:07.702+0000] {processor.py:179} INFO - Processing /opt/airflow/dags/BashOperator.py took 0.129 seconds
[2023-06-10T14:05:37.752+0000] {processor.py:157} INFO - Started process (PID=29197) to work on /opt/airflow/dags/BashOperator.py
[2023-06-10T14:05:37.753+0000] {processor.py:826} INFO - Processing file /opt/airflow/dags/BashOperator.py for tasks to queue
[2023-06-10T14:05:37.754+0000] {logging_mixin.py:149} INFO - [2023-06-10T14:05:37.753+0000] {dagbag.py:541} INFO - Filling up the DagBag from /opt/airflow/dags/BashOperator.py
[2023-06-10T14:05:37.767+0000] {processor.py:836} INFO - DAG(s) dict_keys(['bash_operator_example']) retrieved from /opt/airflow/dags/BashOperator.py
[2023-06-10T14:05:37.801+0000] {logging_mixin.py:149} INFO - [2023-06-10T14:05:37.801+0000] {dag.py:2726} INFO - Sync 1 DAGs
[2023-06-10T14:05:37.832+0000] {logging_mixin.py:149} INFO - [2023-06-10T14:05:37.832+0000] {dag.py:3490} INFO - Setting next_dagrun for bash_operator_example to 2023-01-01T00:00:00+00:00, run_after=2023-01-02T00:00:00+00:00
[2023-06-10T14:05:37.865+0000] {processor.py:179} INFO - Processing /opt/airflow/dags/BashOperator.py took 0.117 seconds
[2023-06-10T14:06:07.902+0000] {processor.py:157} INFO - Started process (PID=29239) to work on /opt/airflow/dags/BashOperator.py
[2023-06-10T14:06:07.903+0000] {processor.py:826} INFO - Processing file /opt/airflow/dags/BashOperator.py for tasks to queue
[2023-06-10T14:06:07.905+0000] {logging_mixin.py:149} INFO - [2023-06-10T14:06:07.905+0000] {dagbag.py:541} INFO - Filling up the DagBag from /opt/airflow/dags/BashOperator.py
[2023-06-10T14:06:07.932+0000] {processor.py:836} INFO - DAG(s) dict_keys(['bash_operator_example']) retrieved from /opt/airflow/dags/BashOperator.py
[2023-06-10T14:06:07.995+0000] {logging_mixin.py:149} INFO - [2023-06-10T14:06:07.994+0000] {dag.py:2726} INFO - Sync 1 DAGs
[2023-06-10T14:06:08.074+0000] {logging_mixin.py:149} INFO - [2023-06-10T14:06:08.074+0000] {dag.py:3490} INFO - Setting next_dagrun for bash_operator_example to 2023-01-01T00:00:00+00:00, run_after=2023-01-02T00:00:00+00:00
[2023-06-10T14:06:08.115+0000] {processor.py:179} INFO - Processing /opt/airflow/dags/BashOperator.py took 0.218 seconds
[2023-06-10T14:06:38.264+0000] {processor.py:157} INFO - Started process (PID=29282) to work on /opt/airflow/dags/BashOperator.py
[2023-06-10T14:06:38.266+0000] {processor.py:826} INFO - Processing file /opt/airflow/dags/BashOperator.py for tasks to queue
[2023-06-10T14:06:38.268+0000] {logging_mixin.py:149} INFO - [2023-06-10T14:06:38.268+0000] {dagbag.py:541} INFO - Filling up the DagBag from /opt/airflow/dags/BashOperator.py
[2023-06-10T14:06:38.293+0000] {processor.py:836} INFO - DAG(s) dict_keys(['bash_operator_example']) retrieved from /opt/airflow/dags/BashOperator.py
[2023-06-10T14:06:38.339+0000] {logging_mixin.py:149} INFO - [2023-06-10T14:06:38.339+0000] {dag.py:2726} INFO - Sync 1 DAGs
[2023-06-10T14:06:38.368+0000] {logging_mixin.py:149} INFO - [2023-06-10T14:06:38.368+0000] {dag.py:3490} INFO - Setting next_dagrun for bash_operator_example to 2023-01-01T00:00:00+00:00, run_after=2023-01-02T00:00:00+00:00
[2023-06-10T14:06:38.394+0000] {processor.py:179} INFO - Processing /opt/airflow/dags/BashOperator.py took 0.143 seconds
[2023-06-10T14:07:08.525+0000] {processor.py:157} INFO - Started process (PID=29324) to work on /opt/airflow/dags/BashOperator.py
[2023-06-10T14:07:08.528+0000] {processor.py:826} INFO - Processing file /opt/airflow/dags/BashOperator.py for tasks to queue
[2023-06-10T14:07:08.529+0000] {logging_mixin.py:149} INFO - [2023-06-10T14:07:08.529+0000] {dagbag.py:541} INFO - Filling up the DagBag from /opt/airflow/dags/BashOperator.py
[2023-06-10T14:07:08.544+0000] {processor.py:836} INFO - DAG(s) dict_keys(['bash_operator_example']) retrieved from /opt/airflow/dags/BashOperator.py
[2023-06-10T14:07:08.588+0000] {logging_mixin.py:149} INFO - [2023-06-10T14:07:08.588+0000] {dag.py:2726} INFO - Sync 1 DAGs
[2023-06-10T14:07:08.642+0000] {logging_mixin.py:149} INFO - [2023-06-10T14:07:08.642+0000] {dag.py:3490} INFO - Setting next_dagrun for bash_operator_example to 2023-01-01T00:00:00+00:00, run_after=2023-01-02T00:00:00+00:00
[2023-06-10T14:07:08.680+0000] {processor.py:179} INFO - Processing /opt/airflow/dags/BashOperator.py took 0.164 seconds
[2023-06-10T14:07:38.793+0000] {processor.py:157} INFO - Started process (PID=29366) to work on /opt/airflow/dags/BashOperator.py
[2023-06-10T14:07:38.796+0000] {processor.py:826} INFO - Processing file /opt/airflow/dags/BashOperator.py for tasks to queue
[2023-06-10T14:07:38.798+0000] {logging_mixin.py:149} INFO - [2023-06-10T14:07:38.797+0000] {dagbag.py:541} INFO - Filling up the DagBag from /opt/airflow/dags/BashOperator.py
[2023-06-10T14:07:38.817+0000] {processor.py:836} INFO - DAG(s) dict_keys(['bash_operator_example']) retrieved from /opt/airflow/dags/BashOperator.py
[2023-06-10T14:07:38.901+0000] {logging_mixin.py:149} INFO - [2023-06-10T14:07:38.900+0000] {dag.py:2726} INFO - Sync 1 DAGs
[2023-06-10T14:07:38.940+0000] {logging_mixin.py:149} INFO - [2023-06-10T14:07:38.940+0000] {dag.py:3490} INFO - Setting next_dagrun for bash_operator_example to 2023-01-01T00:00:00+00:00, run_after=2023-01-02T00:00:00+00:00
[2023-06-10T14:07:38.960+0000] {processor.py:179} INFO - Processing /opt/airflow/dags/BashOperator.py took 0.175 seconds
[2023-06-10T14:08:09.077+0000] {processor.py:157} INFO - Started process (PID=29408) to work on /opt/airflow/dags/BashOperator.py
[2023-06-10T14:08:09.079+0000] {processor.py:826} INFO - Processing file /opt/airflow/dags/BashOperator.py for tasks to queue
[2023-06-10T14:08:09.081+0000] {logging_mixin.py:149} INFO - [2023-06-10T14:08:09.081+0000] {dagbag.py:541} INFO - Filling up the DagBag from /opt/airflow/dags/BashOperator.py
[2023-06-10T14:08:09.102+0000] {processor.py:836} INFO - DAG(s) dict_keys(['bash_operator_example']) retrieved from /opt/airflow/dags/BashOperator.py
[2023-06-10T14:08:09.143+0000] {logging_mixin.py:149} INFO - [2023-06-10T14:08:09.143+0000] {dag.py:2726} INFO - Sync 1 DAGs
[2023-06-10T14:08:09.174+0000] {logging_mixin.py:149} INFO - [2023-06-10T14:08:09.174+0000] {dag.py:3490} INFO - Setting next_dagrun for bash_operator_example to 2023-01-01T00:00:00+00:00, run_after=2023-01-02T00:00:00+00:00
[2023-06-10T14:08:09.200+0000] {processor.py:179} INFO - Processing /opt/airflow/dags/BashOperator.py took 0.137 seconds
[2023-06-10T14:08:39.302+0000] {processor.py:157} INFO - Started process (PID=29450) to work on /opt/airflow/dags/BashOperator.py
[2023-06-10T14:08:39.304+0000] {processor.py:826} INFO - Processing file /opt/airflow/dags/BashOperator.py for tasks to queue
[2023-06-10T14:08:39.305+0000] {logging_mixin.py:149} INFO - [2023-06-10T14:08:39.305+0000] {dagbag.py:541} INFO - Filling up the DagBag from /opt/airflow/dags/BashOperator.py
[2023-06-10T14:08:39.320+0000] {processor.py:836} INFO - DAG(s) dict_keys(['bash_operator_example']) retrieved from /opt/airflow/dags/BashOperator.py
[2023-06-10T14:08:39.369+0000] {logging_mixin.py:149} INFO - [2023-06-10T14:08:39.369+0000] {dag.py:2726} INFO - Sync 1 DAGs
[2023-06-10T14:08:39.399+0000] {logging_mixin.py:149} INFO - [2023-06-10T14:08:39.399+0000] {dag.py:3490} INFO - Setting next_dagrun for bash_operator_example to 2023-01-01T00:00:00+00:00, run_after=2023-01-02T00:00:00+00:00
[2023-06-10T14:08:39.426+0000] {processor.py:179} INFO - Processing /opt/airflow/dags/BashOperator.py took 0.132 seconds
[2023-06-10T14:09:09.589+0000] {processor.py:157} INFO - Started process (PID=29492) to work on /opt/airflow/dags/BashOperator.py
[2023-06-10T14:09:09.594+0000] {processor.py:826} INFO - Processing file /opt/airflow/dags/BashOperator.py for tasks to queue
[2023-06-10T14:09:09.595+0000] {logging_mixin.py:149} INFO - [2023-06-10T14:09:09.595+0000] {dagbag.py:541} INFO - Filling up the DagBag from /opt/airflow/dags/BashOperator.py
[2023-06-10T14:09:09.615+0000] {processor.py:836} INFO - DAG(s) dict_keys(['bash_operator_example']) retrieved from /opt/airflow/dags/BashOperator.py
[2023-06-10T14:09:09.671+0000] {logging_mixin.py:149} INFO - [2023-06-10T14:09:09.670+0000] {dag.py:2726} INFO - Sync 1 DAGs
[2023-06-10T14:09:09.715+0000] {logging_mixin.py:149} INFO - [2023-06-10T14:09:09.715+0000] {dag.py:3490} INFO - Setting next_dagrun for bash_operator_example to 2023-01-01T00:00:00+00:00, run_after=2023-01-02T00:00:00+00:00
[2023-06-10T14:09:09.741+0000] {processor.py:179} INFO - Processing /opt/airflow/dags/BashOperator.py took 0.161 seconds
[2023-06-10T14:09:27.463+0000] {processor.py:157} INFO - Started process (PID=29527) to work on /opt/airflow/dags/BashOperator.py
[2023-06-10T14:09:27.465+0000] {processor.py:826} INFO - Processing file /opt/airflow/dags/BashOperator.py for tasks to queue
[2023-06-10T14:09:27.467+0000] {logging_mixin.py:149} INFO - [2023-06-10T14:09:27.466+0000] {dagbag.py:541} INFO - Filling up the DagBag from /opt/airflow/dags/BashOperator.py
[2023-06-10T14:09:27.496+0000] {processor.py:836} INFO - DAG(s) dict_keys(['bash_operator']) retrieved from /opt/airflow/dags/BashOperator.py
[2023-06-10T14:09:27.739+0000] {logging_mixin.py:149} INFO - [2023-06-10T14:09:27.738+0000] {manager.py:504} INFO - Created Permission View: can edit on DAG:bash_operator
[2023-06-10T14:09:27.770+0000] {logging_mixin.py:149} INFO - [2023-06-10T14:09:27.769+0000] {manager.py:504} INFO - Created Permission View: can delete on DAG:bash_operator
[2023-06-10T14:09:27.794+0000] {logging_mixin.py:149} INFO - [2023-06-10T14:09:27.794+0000] {manager.py:504} INFO - Created Permission View: can read on DAG:bash_operator
[2023-06-10T14:09:27.797+0000] {logging_mixin.py:149} INFO - [2023-06-10T14:09:27.795+0000] {dag.py:2726} INFO - Sync 1 DAGs
[2023-06-10T14:09:27.826+0000] {logging_mixin.py:149} INFO - [2023-06-10T14:09:27.826+0000] {dag.py:2747} INFO - Creating ORM DAG for bash_operator
[2023-06-10T14:09:27.859+0000] {logging_mixin.py:149} INFO - [2023-06-10T14:09:27.858+0000] {dag.py:3490} INFO - Setting next_dagrun for bash_operator to 2023-01-01T00:00:00+00:00, run_after=2023-01-02T00:00:00+00:00
[2023-06-10T14:09:27.895+0000] {processor.py:179} INFO - Processing /opt/airflow/dags/BashOperator.py took 0.439 seconds
[2023-06-10T14:09:57.973+0000] {processor.py:157} INFO - Started process (PID=29570) to work on /opt/airflow/dags/BashOperator.py
[2023-06-10T14:09:57.976+0000] {processor.py:826} INFO - Processing file /opt/airflow/dags/BashOperator.py for tasks to queue
[2023-06-10T14:09:57.977+0000] {logging_mixin.py:149} INFO - [2023-06-10T14:09:57.976+0000] {dagbag.py:541} INFO - Filling up the DagBag from /opt/airflow/dags/BashOperator.py
[2023-06-10T14:09:58.023+0000] {processor.py:836} INFO - DAG(s) dict_keys(['bash_operator']) retrieved from /opt/airflow/dags/BashOperator.py
[2023-06-10T14:09:58.157+0000] {logging_mixin.py:149} INFO - [2023-06-10T14:09:58.157+0000] {dag.py:2726} INFO - Sync 1 DAGs
[2023-06-10T14:09:58.200+0000] {logging_mixin.py:149} INFO - [2023-06-10T14:09:58.199+0000] {dag.py:3490} INFO - Setting next_dagrun for bash_operator to 2023-01-01T00:00:00+00:00, run_after=2023-01-02T00:00:00+00:00
[2023-06-10T14:09:58.229+0000] {processor.py:179} INFO - Processing /opt/airflow/dags/BashOperator.py took 0.262 seconds
[2023-06-10T14:10:29.304+0000] {processor.py:157} INFO - Started process (PID=29608) to work on /opt/airflow/dags/BashOperator.py
[2023-06-10T14:10:29.312+0000] {processor.py:826} INFO - Processing file /opt/airflow/dags/BashOperator.py for tasks to queue
[2023-06-10T14:10:29.323+0000] {logging_mixin.py:149} INFO - [2023-06-10T14:10:29.323+0000] {dagbag.py:541} INFO - Filling up the DagBag from /opt/airflow/dags/BashOperator.py
[2023-06-10T14:10:30.230+0000] {processor.py:836} INFO - DAG(s) dict_keys(['bash_operator']) retrieved from /opt/airflow/dags/BashOperator.py
[2023-06-10T14:10:31.622+0000] {logging_mixin.py:149} INFO - [2023-06-10T14:10:31.620+0000] {dag.py:2726} INFO - Sync 1 DAGs
[2023-06-10T14:10:33.599+0000] {logging_mixin.py:149} INFO - [2023-06-10T14:10:33.588+0000] {dag.py:3490} INFO - Setting next_dagrun for bash_operator to 2023-01-16T00:00:00+00:00, run_after=2023-01-17T00:00:00+00:00
[2023-06-10T14:10:35.140+0000] {processor.py:179} INFO - Processing /opt/airflow/dags/BashOperator.py took 6.000 seconds
[2023-06-10T14:11:06.077+0000] {processor.py:157} INFO - Started process (PID=29715) to work on /opt/airflow/dags/BashOperator.py
[2023-06-10T14:11:06.080+0000] {processor.py:826} INFO - Processing file /opt/airflow/dags/BashOperator.py for tasks to queue
[2023-06-10T14:11:06.082+0000] {logging_mixin.py:149} INFO - [2023-06-10T14:11:06.082+0000] {dagbag.py:541} INFO - Filling up the DagBag from /opt/airflow/dags/BashOperator.py
[2023-06-10T14:11:06.126+0000] {processor.py:836} INFO - DAG(s) dict_keys(['bash_operator']) retrieved from /opt/airflow/dags/BashOperator.py
[2023-06-10T14:11:06.297+0000] {logging_mixin.py:149} INFO - [2023-06-10T14:11:06.295+0000] {dag.py:2726} INFO - Sync 1 DAGs
[2023-06-10T14:11:06.434+0000] {logging_mixin.py:149} INFO - [2023-06-10T14:11:06.433+0000] {dag.py:3490} INFO - Setting next_dagrun for bash_operator to 2023-01-31T00:00:00+00:00, run_after=2023-02-01T00:00:00+00:00
[2023-06-10T14:11:06.586+0000] {processor.py:179} INFO - Processing /opt/airflow/dags/BashOperator.py took 0.530 seconds
[2023-06-10T14:11:37.622+0000] {processor.py:157} INFO - Started process (PID=29849) to work on /opt/airflow/dags/BashOperator.py
[2023-06-10T14:11:37.627+0000] {processor.py:826} INFO - Processing file /opt/airflow/dags/BashOperator.py for tasks to queue
[2023-06-10T14:11:37.628+0000] {logging_mixin.py:149} INFO - [2023-06-10T14:11:37.628+0000] {dagbag.py:541} INFO - Filling up the DagBag from /opt/airflow/dags/BashOperator.py
[2023-06-10T14:11:37.676+0000] {processor.py:836} INFO - DAG(s) dict_keys(['bash_operator']) retrieved from /opt/airflow/dags/BashOperator.py
[2023-06-10T14:11:37.748+0000] {logging_mixin.py:149} INFO - [2023-06-10T14:11:37.748+0000] {dag.py:2726} INFO - Sync 1 DAGs
[2023-06-10T14:11:37.819+0000] {logging_mixin.py:149} INFO - [2023-06-10T14:11:37.819+0000] {dag.py:3490} INFO - Setting next_dagrun for bash_operator to 2023-02-27T00:00:00+00:00, run_after=2023-02-28T00:00:00+00:00
[2023-06-10T14:11:37.854+0000] {processor.py:179} INFO - Processing /opt/airflow/dags/BashOperator.py took 0.246 seconds
[2023-06-10T14:12:08.783+0000] {processor.py:157} INFO - Started process (PID=29963) to work on /opt/airflow/dags/BashOperator.py
[2023-06-10T14:12:08.811+0000] {processor.py:826} INFO - Processing file /opt/airflow/dags/BashOperator.py for tasks to queue
[2023-06-10T14:12:08.836+0000] {logging_mixin.py:149} INFO - [2023-06-10T14:12:08.835+0000] {dagbag.py:541} INFO - Filling up the DagBag from /opt/airflow/dags/BashOperator.py
[2023-06-10T14:12:09.679+0000] {processor.py:836} INFO - DAG(s) dict_keys(['bash_operator']) retrieved from /opt/airflow/dags/BashOperator.py
[2023-06-10T14:12:10.462+0000] {logging_mixin.py:149} INFO - [2023-06-10T14:12:10.462+0000] {dag.py:2726} INFO - Sync 1 DAGs
[2023-06-10T14:12:11.246+0000] {logging_mixin.py:149} INFO - [2023-06-10T14:12:11.244+0000] {dag.py:3490} INFO - Setting next_dagrun for bash_operator to 2023-03-31T00:00:00+00:00, run_after=2023-04-01T00:00:00+00:00
[2023-06-10T14:12:11.327+0000] {processor.py:179} INFO - Processing /opt/airflow/dags/BashOperator.py took 2.820 seconds
[2023-06-10T14:12:41.783+0000] {processor.py:157} INFO - Started process (PID=30082) to work on /opt/airflow/dags/BashOperator.py
[2023-06-10T14:12:41.787+0000] {processor.py:826} INFO - Processing file /opt/airflow/dags/BashOperator.py for tasks to queue
[2023-06-10T14:12:41.788+0000] {logging_mixin.py:149} INFO - [2023-06-10T14:12:41.788+0000] {dagbag.py:541} INFO - Filling up the DagBag from /opt/airflow/dags/BashOperator.py
[2023-06-10T14:12:41.926+0000] {processor.py:836} INFO - DAG(s) dict_keys(['bash_operator']) retrieved from /opt/airflow/dags/BashOperator.py
[2023-06-10T14:12:42.073+0000] {logging_mixin.py:149} INFO - [2023-06-10T14:12:42.073+0000] {dag.py:2726} INFO - Sync 1 DAGs
[2023-06-10T14:12:42.192+0000] {logging_mixin.py:149} INFO - [2023-06-10T14:12:42.191+0000] {dag.py:3490} INFO - Setting next_dagrun for bash_operator to 2023-04-22T00:00:00+00:00, run_after=2023-04-23T00:00:00+00:00
[2023-06-10T14:12:42.323+0000] {processor.py:179} INFO - Processing /opt/airflow/dags/BashOperator.py took 0.566 seconds
[2023-06-10T14:13:12.794+0000] {processor.py:157} INFO - Started process (PID=30207) to work on /opt/airflow/dags/BashOperator.py
[2023-06-10T14:13:12.814+0000] {processor.py:826} INFO - Processing file /opt/airflow/dags/BashOperator.py for tasks to queue
[2023-06-10T14:13:12.824+0000] {logging_mixin.py:149} INFO - [2023-06-10T14:13:12.823+0000] {dagbag.py:541} INFO - Filling up the DagBag from /opt/airflow/dags/BashOperator.py
[2023-06-10T14:13:12.990+0000] {processor.py:836} INFO - DAG(s) dict_keys(['bash_operator']) retrieved from /opt/airflow/dags/BashOperator.py
[2023-06-10T14:13:13.259+0000] {logging_mixin.py:149} INFO - [2023-06-10T14:13:13.259+0000] {dag.py:2726} INFO - Sync 1 DAGs
[2023-06-10T14:13:13.325+0000] {logging_mixin.py:149} INFO - [2023-06-10T14:13:13.324+0000] {dag.py:3490} INFO - Setting next_dagrun for bash_operator to 2023-05-16T00:00:00+00:00, run_after=2023-05-17T00:00:00+00:00
[2023-06-10T14:13:13.362+0000] {processor.py:179} INFO - Processing /opt/airflow/dags/BashOperator.py took 0.614 seconds
[2023-06-10T14:13:43.540+0000] {processor.py:157} INFO - Started process (PID=30324) to work on /opt/airflow/dags/BashOperator.py
[2023-06-10T14:13:43.544+0000] {processor.py:826} INFO - Processing file /opt/airflow/dags/BashOperator.py for tasks to queue
[2023-06-10T14:13:43.546+0000] {logging_mixin.py:149} INFO - [2023-06-10T14:13:43.545+0000] {dagbag.py:541} INFO - Filling up the DagBag from /opt/airflow/dags/BashOperator.py
[2023-06-10T14:13:43.564+0000] {processor.py:836} INFO - DAG(s) dict_keys(['bash_operator']) retrieved from /opt/airflow/dags/BashOperator.py
[2023-06-10T14:13:43.608+0000] {logging_mixin.py:149} INFO - [2023-06-10T14:13:43.608+0000] {dag.py:2726} INFO - Sync 1 DAGs
[2023-06-10T14:13:43.657+0000] {logging_mixin.py:149} INFO - [2023-06-10T14:13:43.657+0000] {dag.py:3490} INFO - Setting next_dagrun for bash_operator to 2023-06-10T00:00:00+00:00, run_after=2023-06-11T00:00:00+00:00
[2023-06-10T14:13:43.704+0000] {processor.py:179} INFO - Processing /opt/airflow/dags/BashOperator.py took 0.175 seconds
[2023-06-10T14:14:14.485+0000] {processor.py:157} INFO - Started process (PID=30367) to work on /opt/airflow/dags/BashOperator.py
[2023-06-10T14:14:14.487+0000] {processor.py:826} INFO - Processing file /opt/airflow/dags/BashOperator.py for tasks to queue
[2023-06-10T14:14:14.488+0000] {logging_mixin.py:149} INFO - [2023-06-10T14:14:14.488+0000] {dagbag.py:541} INFO - Filling up the DagBag from /opt/airflow/dags/BashOperator.py
[2023-06-10T14:14:14.501+0000] {processor.py:836} INFO - DAG(s) dict_keys(['bash_operator']) retrieved from /opt/airflow/dags/BashOperator.py
[2023-06-10T14:14:14.540+0000] {logging_mixin.py:149} INFO - [2023-06-10T14:14:14.540+0000] {dag.py:2726} INFO - Sync 1 DAGs
[2023-06-10T14:14:14.584+0000] {logging_mixin.py:149} INFO - [2023-06-10T14:14:14.584+0000] {dag.py:3490} INFO - Setting next_dagrun for bash_operator to 2023-06-10T00:00:00+00:00, run_after=2023-06-11T00:00:00+00:00
[2023-06-10T14:14:14.611+0000] {processor.py:179} INFO - Processing /opt/airflow/dags/BashOperator.py took 0.131 seconds
[2023-06-10T14:14:45.393+0000] {processor.py:157} INFO - Started process (PID=30409) to work on /opt/airflow/dags/BashOperator.py
[2023-06-10T14:14:45.395+0000] {processor.py:826} INFO - Processing file /opt/airflow/dags/BashOperator.py for tasks to queue
[2023-06-10T14:14:45.397+0000] {logging_mixin.py:149} INFO - [2023-06-10T14:14:45.397+0000] {dagbag.py:541} INFO - Filling up the DagBag from /opt/airflow/dags/BashOperator.py
[2023-06-10T14:14:45.420+0000] {processor.py:836} INFO - DAG(s) dict_keys(['bash_operator']) retrieved from /opt/airflow/dags/BashOperator.py
[2023-06-10T14:14:45.503+0000] {logging_mixin.py:149} INFO - [2023-06-10T14:14:45.502+0000] {dag.py:2726} INFO - Sync 1 DAGs
[2023-06-10T14:14:45.545+0000] {logging_mixin.py:149} INFO - [2023-06-10T14:14:45.545+0000] {dag.py:3490} INFO - Setting next_dagrun for bash_operator to 2023-06-10T00:00:00+00:00, run_after=2023-06-11T00:00:00+00:00
[2023-06-10T14:14:45.577+0000] {processor.py:179} INFO - Processing /opt/airflow/dags/BashOperator.py took 0.191 seconds
[2023-06-10T14:15:16.303+0000] {processor.py:157} INFO - Started process (PID=30451) to work on /opt/airflow/dags/BashOperator.py
[2023-06-10T14:15:16.304+0000] {processor.py:826} INFO - Processing file /opt/airflow/dags/BashOperator.py for tasks to queue
[2023-06-10T14:15:16.305+0000] {logging_mixin.py:149} INFO - [2023-06-10T14:15:16.305+0000] {dagbag.py:541} INFO - Filling up the DagBag from /opt/airflow/dags/BashOperator.py
[2023-06-10T14:15:16.323+0000] {processor.py:836} INFO - DAG(s) dict_keys(['bash_operator']) retrieved from /opt/airflow/dags/BashOperator.py
[2023-06-10T14:15:16.371+0000] {logging_mixin.py:149} INFO - [2023-06-10T14:15:16.371+0000] {dag.py:2726} INFO - Sync 1 DAGs
[2023-06-10T14:15:16.411+0000] {logging_mixin.py:149} INFO - [2023-06-10T14:15:16.411+0000] {dag.py:3490} INFO - Setting next_dagrun for bash_operator to 2023-06-10T00:00:00+00:00, run_after=2023-06-11T00:00:00+00:00
[2023-06-10T14:15:16.439+0000] {processor.py:179} INFO - Processing /opt/airflow/dags/BashOperator.py took 0.153 seconds
[2023-06-10T14:15:47.179+0000] {processor.py:157} INFO - Started process (PID=30500) to work on /opt/airflow/dags/BashOperator.py
[2023-06-10T14:15:47.182+0000] {processor.py:826} INFO - Processing file /opt/airflow/dags/BashOperator.py for tasks to queue
[2023-06-10T14:15:47.183+0000] {logging_mixin.py:149} INFO - [2023-06-10T14:15:47.183+0000] {dagbag.py:541} INFO - Filling up the DagBag from /opt/airflow/dags/BashOperator.py
[2023-06-10T14:15:47.203+0000] {processor.py:836} INFO - DAG(s) dict_keys(['bash_operator']) retrieved from /opt/airflow/dags/BashOperator.py
[2023-06-10T14:15:47.247+0000] {logging_mixin.py:149} INFO - [2023-06-10T14:15:47.247+0000] {dag.py:2726} INFO - Sync 1 DAGs
[2023-06-10T14:15:47.282+0000] {logging_mixin.py:149} INFO - [2023-06-10T14:15:47.282+0000] {dag.py:3490} INFO - Setting next_dagrun for bash_operator to 2023-06-10T00:00:00+00:00, run_after=2023-06-11T00:00:00+00:00
[2023-06-10T14:15:47.310+0000] {processor.py:179} INFO - Processing /opt/airflow/dags/BashOperator.py took 0.139 seconds
[2023-06-10T14:16:17.465+0000] {processor.py:157} INFO - Started process (PID=30542) to work on /opt/airflow/dags/BashOperator.py
[2023-06-10T14:16:17.468+0000] {processor.py:826} INFO - Processing file /opt/airflow/dags/BashOperator.py for tasks to queue
[2023-06-10T14:16:17.471+0000] {logging_mixin.py:149} INFO - [2023-06-10T14:16:17.471+0000] {dagbag.py:541} INFO - Filling up the DagBag from /opt/airflow/dags/BashOperator.py
[2023-06-10T14:16:17.486+0000] {processor.py:836} INFO - DAG(s) dict_keys(['bash_operator']) retrieved from /opt/airflow/dags/BashOperator.py
[2023-06-10T14:16:17.536+0000] {logging_mixin.py:149} INFO - [2023-06-10T14:16:17.536+0000] {dag.py:2726} INFO - Sync 1 DAGs
[2023-06-10T14:16:17.592+0000] {logging_mixin.py:149} INFO - [2023-06-10T14:16:17.592+0000] {dag.py:3490} INFO - Setting next_dagrun for bash_operator to 2023-06-10T00:00:00+00:00, run_after=2023-06-11T00:00:00+00:00
[2023-06-10T14:16:17.623+0000] {processor.py:179} INFO - Processing /opt/airflow/dags/BashOperator.py took 0.170 seconds
[2023-06-10T14:16:48.451+0000] {processor.py:157} INFO - Started process (PID=30584) to work on /opt/airflow/dags/BashOperator.py
[2023-06-10T14:16:48.452+0000] {processor.py:826} INFO - Processing file /opt/airflow/dags/BashOperator.py for tasks to queue
[2023-06-10T14:16:48.453+0000] {logging_mixin.py:149} INFO - [2023-06-10T14:16:48.453+0000] {dagbag.py:541} INFO - Filling up the DagBag from /opt/airflow/dags/BashOperator.py
[2023-06-10T14:16:48.471+0000] {processor.py:836} INFO - DAG(s) dict_keys(['bash_operator']) retrieved from /opt/airflow/dags/BashOperator.py
[2023-06-10T14:16:48.519+0000] {logging_mixin.py:149} INFO - [2023-06-10T14:16:48.518+0000] {dag.py:2726} INFO - Sync 1 DAGs
[2023-06-10T14:16:48.556+0000] {logging_mixin.py:149} INFO - [2023-06-10T14:16:48.556+0000] {dag.py:3490} INFO - Setting next_dagrun for bash_operator to 2023-06-10T00:00:00+00:00, run_after=2023-06-11T00:00:00+00:00
[2023-06-10T14:16:48.584+0000] {processor.py:179} INFO - Processing /opt/airflow/dags/BashOperator.py took 0.147 seconds
