[2023-06-10T11:02:59.249+0000] {taskinstance.py:1103} INFO - Dependencies all met for dep_context=non-requeueable deps ti=<TaskInstance: xcom_operator_with_function_v2.greet scheduled__2023-05-14T00:00:00+00:00 [queued]>
[2023-06-10T11:02:59.833+0000] {taskinstance.py:1103} INFO - Dependencies all met for dep_context=requeueable deps ti=<TaskInstance: xcom_operator_with_function_v2.greet scheduled__2023-05-14T00:00:00+00:00 [queued]>
[2023-06-10T11:02:59.833+0000] {taskinstance.py:1308} INFO - Starting attempt 1 of 6
[2023-06-10T11:03:00.329+0000] {taskinstance.py:1327} INFO - Executing <Task(PythonOperator): greet> on 2023-05-14 00:00:00+00:00
[2023-06-10T11:03:00.425+0000] {standard_task_runner.py:57} INFO - Started process 15898 to run task
[2023-06-10T11:03:00.536+0000] {standard_task_runner.py:84} INFO - Running: ['***', 'tasks', 'run', 'xcom_operator_with_function_v2', 'greet', 'scheduled__2023-05-14T00:00:00+00:00', '--job-id', '993', '--raw', '--subdir', 'DAGS_FOLDER/xcom_operator.py', '--cfg-path', '/tmp/tmp3d0ofb2y']
[2023-06-10T11:03:00.540+0000] {standard_task_runner.py:85} INFO - Job 993: Subtask greet
[2023-06-10T11:03:01.930+0000] {task_command.py:410} INFO - Running <TaskInstance: xcom_operator_with_function_v2.greet scheduled__2023-05-14T00:00:00+00:00 [running]> on host 93a4f35889be
[2023-06-10T11:03:06.074+0000] {taskinstance.py:1547} INFO - Exporting env vars: AIRFLOW_CTX_DAG_OWNER='madhu' AIRFLOW_CTX_DAG_ID='xcom_operator_with_function_v2' AIRFLOW_CTX_TASK_ID='greet' AIRFLOW_CTX_EXECUTION_DATE='2023-05-14T00:00:00+00:00' AIRFLOW_CTX_TRY_NUMBER='1' AIRFLOW_CTX_DAG_RUN_ID='scheduled__2023-05-14T00:00:00+00:00'
[2023-06-10T11:03:06.085+0000] {taskinstance.py:1824} ERROR - Task failed with exception
Traceback (most recent call last):
  File "/home/airflow/.local/lib/python3.7/site-packages/airflow/operators/python.py", line 181, in execute
    return_value = self.execute_callable()
  File "/home/airflow/.local/lib/python3.7/site-packages/airflow/operators/python.py", line 198, in execute_callable
    return self.python_callable(*self.op_args, **self.op_kwargs)
TypeError: greet() missing 1 required positional argument: 'age'
[2023-06-10T11:03:06.722+0000] {taskinstance.py:1350} INFO - Marking task as UP_FOR_RETRY. dag_id=xcom_operator_with_function_v2, task_id=greet, execution_date=20230514T000000, start_date=20230610T110259, end_date=20230610T110306
[2023-06-10T11:03:06.968+0000] {standard_task_runner.py:109} ERROR - Failed to execute job 993 for task greet (greet() missing 1 required positional argument: 'age'; 15898)
[2023-06-10T11:03:07.213+0000] {local_task_job_runner.py:225} INFO - Task exited with return code 1
[2023-06-10T11:03:08.179+0000] {taskinstance.py:2651} INFO - 0 downstream tasks scheduled from follow-on schedule check
