[2023-06-09T16:10:56.895+0000] {taskinstance.py:1103} INFO - Dependencies all met for dep_context=non-requeueable deps ti=<TaskInstance: first_dag.first_task scheduled__2023-05-07T00:00:00+00:00 [queued]>
[2023-06-09T16:10:57.413+0000] {taskinstance.py:1103} INFO - Dependencies all met for dep_context=requeueable deps ti=<TaskInstance: first_dag.first_task scheduled__2023-05-07T00:00:00+00:00 [queued]>
[2023-06-09T16:10:57.413+0000] {taskinstance.py:1308} INFO - Starting attempt 1 of 6
[2023-06-09T16:10:58.957+0000] {taskinstance.py:1327} INFO - Executing <Task(BashOperator): first_task> on 2023-05-07 00:00:00+00:00
[2023-06-09T16:10:59.022+0000] {standard_task_runner.py:57} INFO - Started process 1778 to run task
[2023-06-09T16:10:59.307+0000] {standard_task_runner.py:84} INFO - Running: ['***', 'tasks', 'run', 'first_dag', 'first_task', 'scheduled__2023-05-07T00:00:00+00:00', '--job-id', '12', '--raw', '--subdir', 'DAGS_FOLDER/first_dag.py', '--cfg-path', '/tmp/tmp1iuri18s']
[2023-06-09T16:10:59.539+0000] {standard_task_runner.py:85} INFO - Job 12: Subtask first_task
[2023-06-09T16:11:03.011+0000] {task_command.py:410} INFO - Running <TaskInstance: first_dag.first_task scheduled__2023-05-07T00:00:00+00:00 [running]> on host 93a4f35889be
[2023-06-09T16:11:11.038+0000] {taskinstance.py:1547} INFO - Exporting env vars: AIRFLOW_CTX_DAG_OWNER='madhu' AIRFLOW_CTX_DAG_ID='first_dag' AIRFLOW_CTX_TASK_ID='first_task' AIRFLOW_CTX_EXECUTION_DATE='2023-05-07T00:00:00+00:00' AIRFLOW_CTX_TRY_NUMBER='1' AIRFLOW_CTX_DAG_RUN_ID='scheduled__2023-05-07T00:00:00+00:00'
[2023-06-09T16:11:11.053+0000] {subprocess.py:63} INFO - Tmp dir root location: 
 /tmp
[2023-06-09T16:11:11.056+0000] {subprocess.py:75} INFO - Running command: ['/bin/bash', '-c', 'hello world i am madhu']
[2023-06-09T16:11:11.424+0000] {subprocess.py:86} INFO - Output:
[2023-06-09T16:11:11.425+0000] {subprocess.py:93} INFO - /bin/bash: line 1: hello: command not found
[2023-06-09T16:11:11.425+0000] {subprocess.py:97} INFO - Command exited with return code 127
[2023-06-09T16:11:11.865+0000] {taskinstance.py:1824} ERROR - Task failed with exception
Traceback (most recent call last):
  File "/home/airflow/.local/lib/python3.7/site-packages/airflow/operators/bash.py", line 211, in execute
    f"Bash command failed. The command returned a non-zero exit code {result.exit_code}."
airflow.exceptions.AirflowException: Bash command failed. The command returned a non-zero exit code 127.
[2023-06-09T16:11:12.114+0000] {taskinstance.py:1350} INFO - Marking task as UP_FOR_RETRY. dag_id=first_dag, task_id=first_task, execution_date=20230507T000000, start_date=20230609T161056, end_date=20230609T161112
[2023-06-09T16:11:15.171+0000] {standard_task_runner.py:109} ERROR - Failed to execute job 12 for task first_task (Bash command failed. The command returned a non-zero exit code 127.; 1778)
[2023-06-09T16:11:15.323+0000] {local_task_job_runner.py:225} INFO - Task exited with return code 1
[2023-06-09T16:11:15.478+0000] {taskinstance.py:2651} INFO - 0 downstream tasks scheduled from follow-on schedule check
